[+] Containers:
 |- [+] Container: /Game/ThirdPerson/Maps/ThirdPersonMap
 |   |- [+] ActorDescs:
 |   |   |- Guid:1C9182ED429185C393FA22BE5D8BC096 BaseClass:/Game/ThirdPerson/Blueprints/BP_Item.BP_Item_C NativeClass:/Script/Engine.Actor Name:BP_Item_C_UAID_7C10C91D7FE315D001_1684102505 Label:BP_Item3 SpatiallyLoaded:1 Bounds:IsValid=true, Min=(X=571.690 Y=21.902 Z=-646.079), Max=(X=1571.690 Y=1021.902 Z=768.921) RuntimeGrid:None EditorOnly:0 RuntimeOnly:0 HLODRelevant:0
 |   |   |- Guid:1C99E7C24A8C7D6E3A37B098DE195F89 BaseClass: NativeClass:/Script/Engine.StaticMeshActor Name:StaticMeshActor_UAID_7C10C91D7FE3CBCF01_1201030483 Label:Wall_Door_400x400 SpatiallyLoaded:1 Bounds:IsValid=true, Min=(X=7866.224 Y=25.337 Z=0.000), Max=(X=8051.074 Y=820.337 Z=807.000) RuntimeGrid:None EditorOnly:0 RuntimeOnly:0 HLODRelevant:1
 |   |   |- Guid:1E28BBAC46F8530C71B25CB3C5EFDC9A BaseClass: NativeClass:/Script/Engine.StaticMeshActor Name:StaticMeshActor_UAID_7C10C91D7FE3CBCF01_1140147482 Label:SM_Couch SpatiallyLoaded:1 Bounds:IsValid=true, Min=(X=8404.034 Y=198.922 Z=0.096), Max=(X=8675.966 Y=281.078 Z=115.447) RuntimeGrid:None EditorOnly:0 RuntimeOnly:0 HLODRelevant:1
 |   |   |- Guid:23BB481143957E1B686E7E9BFD767028 BaseClass: NativeClass:/Script/Engine.StaticMeshActor Name:StaticMeshActor_UAID_7C10C91D7FE3CACF01_2078599303 Label:SM_bush SpatiallyLoaded:1 Bounds:IsValid=true, Min=(X=110.000 Y=127.500 Z=0.000), Max=(X=310.000 Y=272.500 Z=205.000) RuntimeGrid:None EditorOnly:0 RuntimeOnly:0 HLODRelevant:1
 |   |   |- Guid:2F2A531F425E98EA09DB1DB023F5734D BaseClass:/Game/ThirdPerson/Blueprints/tree1.tree1_C NativeClass:/Script/Engine.Actor Name:tree1_C_UAID_7C10C91D7FE31DD001_1248764915 Label:tree2 SpatiallyLoaded:1 Bounds:IsValid=true, Min=(X=56.842 Y=165.034 Z=-19.490), Max=(X=858.842 Y=287.534 Z=990.510) RuntimeGrid:None EditorOnly:0 RuntimeOnly:0 HLODRelevant:0
 |   |   |- Guid:2FB58999456391D349DC0F86DAC136ED BaseClass: NativeClass:/Script/Engine.SkyLight Name:SkyLight_1 Label:SkyLight SpatiallyLoaded:0 Bounds:IsValid=true, Min=(X=0.000 Y=960.000 Z=690.000), Max=(X=0.000 Y=960.000 Z=690.000) RuntimeGrid:None EditorOnly:0 RuntimeOnly:0 HLODRelevant:0 FolderPath:Lighting FolderGuid:963EC3EB4002CCE9759E2EBA541A873A
 |   |   |- Guid:316CF2A6494ACA4C0E4180A87D36AB8F BaseClass: NativeClass:/Script/Engine.ExponentialHeightFog Name:ExponentialHeightFog_0 Label:ExponentialHeightFog SpatiallyLoaded:0 Bounds:IsValid=true, Min=(X=-5600.000 Y=-50.000 Z=-6850.000), Max=(X=-5600.000 Y=-50.000 Z=-6850.000) RuntimeGrid:None EditorOnly:0 RuntimeOnly:0 HLODRelevant:0 FolderPath:Lighting FolderGuid:963EC3EB4002CCE9759E2EBA541A873A
 |   |   |- Guid:3A00AA1C422CE54C0BDB60BAF471BFBB BaseClass: NativeClass:/Script/Engine.PlayerStart Name:PlayerStart_0 Label:PlayerStart SpatiallyLoaded:0 Bounds:IsValid=true, Min=(X=134.569 Y=360.040 Z=-80.900), Max=(X=214.569 Y=440.040 Z=103.100) RuntimeGrid:None EditorOnly:0 RuntimeOnly:0 HLODRelevant:0
 |   |   |- Guid:4D3BE93F4146AAAC8BBE79999D96D57F BaseClass: NativeClass:/Script/Engine.VolumetricCloud Name:VolumetricCloud_0 Label:VolumetricCloud SpatiallyLoaded:0 Bounds:IsValid=true, Min=(X=0.000 Y=0.000 Z=820.000), Max=(X=0.000 Y=0.000 Z=820.000) RuntimeGrid:None EditorOnly:0 RuntimeOnly:0 HLODRelevant:0 FolderPath:Lighting FolderGuid:963EC3EB4002CCE9759E2EBA541A873A
 |   |   |- Guid:4FE965C144F6290ABA59CDA8B2D59900 BaseClass: NativeClass:/Script/Engine.StaticMeshActor Name:StaticMeshActor_UAID_7C10C91D7FE3CACF01_2123209304 Label:SM_Cube3 SpatiallyLoaded:1 Bounds:IsValid=true, Min=(X=2980.000 Y=10.000 Z=-50.000), Max=(X=5980.000 Y=810.000 Z=0.000) RuntimeGrid:None EditorOnly:0 RuntimeOnly:0 HLODRelevant:1 FolderPath:Playground FolderGuid:C73F09FC4215536B1DCE2A9E0A830C70
 |   |   |- Guid:5B97F4A64FB21F77EFC44386BF705B4C BaseClass: NativeClass:/Script/Engine.TextRenderActor Name:TextRenderActor_1 Label:TextRenderActor SpatiallyLoaded:1 Bounds:IsValid=true, Min=(X=-0.100 Y=1100.000 Z=65.013), Max=(X=-0.100 Y=2392.308 Z=215.013) RuntimeGrid:None EditorOnly:0 RuntimeOnly:0 HLODRelevant:0
 |   |   |- Guid:5E9402254ECF3A0C9CC99EA512E87B8B BaseClass: NativeClass:/Script/Engine.DirectionalLight Name:DirectionalLight_UAID_7C10C91D7FE322D001_1239103793 Label:DirectionalLight2 SpatiallyLoaded:0 Bounds:IsValid=true, Min=(X=-4398046511104.000 Y=-4398046511104.000 Z=-4398046511104.000), Max=(X=4398046511104.000 Y=4398046511104.000 Z=4398046511104.000) RuntimeGrid:None EditorOnly:0 RuntimeOnly:0 HLODRelevant:0
 |   |   |- Guid:693DB1AF402C89010B1D53A0A304BE44 BaseClass: NativeClass:/Script/Engine.StaticMeshActor Name:StaticMeshActor_UAID_7C10C91D7FE3CBCF01_2022019487 Label:SM_bush3 SpatiallyLoaded:1 Bounds:IsValid=true, Min=(X=700.000 Y=147.500 Z=0.000), Max=(X=900.000 Y=292.500 Z=205.000) RuntimeGrid:None EditorOnly:0 RuntimeOnly:0 HLODRelevant:1
 |   |   |- Guid:6BAF4DDD444C60371492D3919DB42C97 BaseClass: NativeClass:/Script/Engine.WorldDataLayers Name:WorldDataLayers Label:WorldDataLayers SpatiallyLoaded:0 Bounds:IsValid=true, Min=(X=0.000 Y=0.000 Z=0.000), Max=(X=0.000 Y=0.000 Z=0.000) RuntimeGrid:None EditorOnly:0 RuntimeOnly:0 HLODRelevant:0
 |   |   |- Guid:7E0C058047C91B316BABCE8BF530D0D9 BaseClass: NativeClass:/Script/Engine.StaticMeshActor Name:StaticMeshActor_UAID_7C10C91D7FE3CBCF01_1671749484 Label:Pillar_50x501 SpatiallyLoaded:1 Bounds:IsValid=true, Min=(X=4926.616 Y=776.226 Z=-49.940), Max=(X=5926.616 Y=826.226 Z=450.060) RuntimeGrid:None EditorOnly:0 RuntimeOnly:0 HLODRelevant:1
 |   |   |- Guid:8A1D4E8E48FF56E752BA40874E05D2AB BaseClass: NativeClass:/Script/Engine.StaticMeshActor Name:StaticMeshActor_UAID_7C10C91D7FE3CBCF01_2014670486 Label:SM_bush2 SpatiallyLoaded:1 Bounds:IsValid=true, Min=(X=510.000 Y=137.500 Z=0.000), Max=(X=710.000 Y=282.500 Z=205.000) RuntimeGrid:None EditorOnly:0 RuntimeOnly:0 HLODRelevant:1
 |   |   |- Guid:9C8F0DB5442A367455600BA30F2983E5 BaseClass:/Game/ThirdPerson/Blueprints/tree1.tree1_C NativeClass:/Script/Engine.Actor Name:tree1_C_UAID_7C10C91D7FE31DD001_1247358914 Label:tree1 SpatiallyLoaded:1 Bounds:IsValid=true, Min=(X=114.892 Y=646.802 Z=-10.332), Max=(X=916.892 Y=769.302 Z=999.668) RuntimeGrid:None EditorOnly:0 RuntimeOnly:0 HLODRelevant:0
 |   |   |- Guid:9D3A82C448E913EB16E47580EA5031B9 BaseClass: NativeClass:/Script/Engine.StaticMeshActor Name:StaticMeshActor_UAID_7C10C91D7FE3CBCF01_1095966481 Label:SM_Cube4 SpatiallyLoaded:1 Bounds:IsValid=true, Min=(X=5970.000 Y=20.000 Z=-50.000), Max=(X=8970.000 Y=820.000 Z=0.000) RuntimeGrid:None EditorOnly:0 RuntimeOnly:0 HLODRelevant:1 FolderPath:Playground FolderGuid:C73F09FC4215536B1DCE2A9E0A830C70
 |   |   |- Guid:9E12DF6747A3B410962DC6B11BB7942A BaseClass: NativeClass:/Script/Engine.StaticMeshActor Name:StaticMeshActor_UAID_7C10C91D7FE3CBCF01_1963199485 Label:Pillar_50x502 SpatiallyLoaded:1 Bounds:IsValid=true, Min=(X=310.000 Y=137.500 Z=0.000), Max=(X=510.000 Y=282.500 Z=205.000) RuntimeGrid:None EditorOnly:0 RuntimeOnly:0 HLODRelevant:1
 |   |   |- Guid:B785ED2844B84CFB91E7F39FE661CD99 BaseClass: NativeClass:/Script/Engine.DirectionalLight Name:DirectionalLight_0 Label:DirectionalLight SpatiallyLoaded:0 Bounds:IsValid=true, Min=(X=-4398046511104.000 Y=-4398046511104.000 Z=-4398046511104.000), Max=(X=4398046511104.000 Y=4398046511104.000 Z=4398046511104.000) RuntimeGrid:None EditorOnly:0 RuntimeOnly:0 HLODRelevant:0 FolderPath:Lighting FolderGuid:963EC3EB4002CCE9759E2EBA541A873A
 |   |   |- Guid:BC08B79C4EA3C961CFF75EBBE83B367D BaseClass: NativeClass:/Script/Engine.StaticMeshActor Name:StaticMeshActor_5 Label:SM_Cube2 SpatiallyLoaded:1 Bounds:IsValid=true, Min=(X=0.000 Y=0.000 Z=0.000), Max=(X=3000.000 Y=100.000 Z=400.000) RuntimeGrid:None EditorOnly:0 RuntimeOnly:0 HLODRelevant:1 FolderPath:Playground FolderGuid:C73F09FC4215536B1DCE2A9E0A830C70
 |   |   |- Guid:C53F4A5C4AE5D5B20C4E349D08C65E6D BaseClass:/Game/ThirdPerson/Blueprints/BP_Item.BP_Item_C NativeClass:/Script/Engine.Actor Name:BP_Item_C_UAID_7C10C91D7FE315D001_1670297504 Label:BP_Item2 SpatiallyLoaded:1 Bounds:IsValid=true, Min=(X=2031.690 Y=11.902 Z=-646.079), Max=(X=3031.690 Y=1011.902 Z=768.921) RuntimeGrid:None EditorOnly:0 RuntimeOnly:0 HLODRelevant:0
 |   |   |- Guid:CCFF262C46EEFFDF319E7F9539CE697E BaseClass: NativeClass:/Script/Engine.SkyAtmosphere Name:SkyAtmosphere_0 Label:SkyAtmosphere SpatiallyLoaded:0 Bounds:IsValid=true, Min=(X=0.000 Y=0.000 Z=1020.000), Max=(X=0.000 Y=0.000 Z=1020.000) RuntimeGrid:None EditorOnly:0 RuntimeOnly:0 HLODRelevant:0 FolderPath:Lighting FolderGuid:963EC3EB4002CCE9759E2EBA541A873A
 |   |   |- Guid:D4FB3AF7426B476C1522C8BA7AE1BA2D BaseClass:/Game/ThirdPerson/Blueprints/Pratice.Pratice_C NativeClass:/Script/Engine.Actor Name:Pratice_C_UAID_7C10C91D7FE322D001_1702956794 Label:Pratice SpatiallyLoaded:1 Bounds:IsValid=true, Min=(X=2018.536 Y=452.697 Z=-13.045), Max=(X=3622.536 Y=734.744 Z=2006.955) RuntimeGrid:None EditorOnly:0 RuntimeOnly:0 HLODRelevant:0
 |   |   |- Guid:E90D03464ED918B2E3B458A13CCECA55 BaseClass:/Game/ThirdPerson/Blueprints/BP_Item.BP_Item_C NativeClass:/Script/Engine.Actor Name:BP_Item_C_UAID_7C10C91D7FE311D001_1449774799 Label:BP_Item SpatiallyLoaded:1 Bounds:IsValid=true, Min=(X=1331.690 Y=1.902 Z=-646.079), Max=(X=2331.690 Y=1001.902 Z=768.921) RuntimeGrid:None EditorOnly:0 RuntimeOnly:0 HLODRelevant:0
 |   |   |- Guid:EC4E0C944CE6AC6E784BC6BB2916EA13 BaseClass: NativeClass:/Script/Engine.StaticMeshActor Name:StaticMeshActor_UAID_A4AE111137DC5EFB00_1110535423 Label:SM_SkySphere SpatiallyLoaded:0 Bounds:IsValid=true, Min=(X=-1638400.000 Y=-1638400.000 Z=-1638400.000), Max=(X=1638400.000 Y=1638400.000 Z=1638400.000) RuntimeGrid:None EditorOnly:0 RuntimeOnly:0 HLODRelevant:1 FolderPath:Lighting FolderGuid:963EC3EB4002CCE9759E2EBA541A873A
 |   |   |- Guid:F1924B8D48954B30891B2DB6A694F9CC BaseClass: NativeClass:/Script/Engine.StaticMeshActor Name:StaticMeshActor_1 Label:SM_Cube SpatiallyLoaded:1 Bounds:IsValid=true, Min=(X=0.000 Y=0.000 Z=-50.000), Max=(X=3000.000 Y=800.000 Z=0.000) RuntimeGrid:None EditorOnly:0 RuntimeOnly:0 HLODRelevant:1 FolderPath:Playground FolderGuid:C73F09FC4215536B1DCE2A9E0A830C70
 |   |   |- Guid:F5E3FEB3450C49844FD93DA8E083C8AD BaseClass: NativeClass:/Script/Engine.PostProcessVolume Name:PostProcessVolume_0 Label:PostProcessVolume SpatiallyLoaded:0 Bounds:IsValid=true, Min=(X=0.000 Y=0.000 Z=400.000), Max=(X=200.000 Y=200.000 Z=600.000) RuntimeGrid:None EditorOnly:0 RuntimeOnly:0 HLODRelevant:0 FolderPath:Lighting FolderGuid:963EC3EB4002CCE9759E2EBA541A873A
 |   |- [+] Clusters:
 |   |   |- [+] [  0]
 |   |   |   |- Guid:6BAF4DDD444C60371492D3919DB42C97 BaseClass: NativeClass:/Script/Engine.WorldDataLayers Name:WorldDataLayers Label:WorldDataLayers SpatiallyLoaded:0 Bounds:IsValid=true, Min=(X=0.000 Y=0.000 Z=0.000), Max=(X=0.000 Y=0.000 Z=0.000) RuntimeGrid:None EditorOnly:0 RuntimeOnly:0 HLODRelevant:0
 |   |   |- [+] [  1]
 |   |   |   |- Guid:4FE965C144F6290ABA59CDA8B2D59900 BaseClass: NativeClass:/Script/Engine.StaticMeshActor Name:StaticMeshActor_UAID_7C10C91D7FE3CACF01_2123209304 Label:SM_Cube3 SpatiallyLoaded:1 Bounds:IsValid=true, Min=(X=2980.000 Y=10.000 Z=-50.000), Max=(X=5980.000 Y=810.000 Z=0.000) RuntimeGrid:None EditorOnly:0 RuntimeOnly:0 HLODRelevant:1 FolderPath:Playground FolderGuid:C73F09FC4215536B1DCE2A9E0A830C70
 |   |   |- [+] [  2]
 |   |   |   |- Guid:F5E3FEB3450C49844FD93DA8E083C8AD BaseClass: NativeClass:/Script/Engine.PostProcessVolume Name:PostProcessVolume_0 Label:PostProcessVolume SpatiallyLoaded:0 Bounds:IsValid=true, Min=(X=0.000 Y=0.000 Z=400.000), Max=(X=200.000 Y=200.000 Z=600.000) RuntimeGrid:None EditorOnly:0 RuntimeOnly:0 HLODRelevant:0 FolderPath:Lighting FolderGuid:963EC3EB4002CCE9759E2EBA541A873A
 |   |   |- [+] [  3]
 |   |   |   |- Guid:5B97F4A64FB21F77EFC44386BF705B4C BaseClass: NativeClass:/Script/Engine.TextRenderActor Name:TextRenderActor_1 Label:TextRenderActor SpatiallyLoaded:1 Bounds:IsValid=true, Min=(X=-0.100 Y=1100.000 Z=65.013), Max=(X=-0.100 Y=2392.308 Z=215.013) RuntimeGrid:None EditorOnly:0 RuntimeOnly:0 HLODRelevant:0
 |   |   |- [+] [  4]
 |   |   |   |- Guid:8A1D4E8E48FF56E752BA40874E05D2AB BaseClass: NativeClass:/Script/Engine.StaticMeshActor Name:StaticMeshActor_UAID_7C10C91D7FE3CBCF01_2014670486 Label:SM_bush2 SpatiallyLoaded:1 Bounds:IsValid=true, Min=(X=510.000 Y=137.500 Z=0.000), Max=(X=710.000 Y=282.500 Z=205.000) RuntimeGrid:None EditorOnly:0 RuntimeOnly:0 HLODRelevant:1
 |   |   |- [+] [  5]
 |   |   |   |- Guid:D4FB3AF7426B476C1522C8BA7AE1BA2D BaseClass:/Game/ThirdPerson/Blueprints/Pratice.Pratice_C NativeClass:/Script/Engine.Actor Name:Pratice_C_UAID_7C10C91D7FE322D001_1702956794 Label:Pratice SpatiallyLoaded:1 Bounds:IsValid=true, Min=(X=2018.536 Y=452.697 Z=-13.045), Max=(X=3622.536 Y=734.744 Z=2006.955) RuntimeGrid:None EditorOnly:0 RuntimeOnly:0 HLODRelevant:0
 |   |   |- [+] [  6]
 |   |   |   |- Guid:4D3BE93F4146AAAC8BBE79999D96D57F BaseClass: NativeClass:/Script/Engine.VolumetricCloud Name:VolumetricCloud_0 Label:VolumetricCloud SpatiallyLoaded:0 Bounds:IsValid=true, Min=(X=0.000 Y=0.000 Z=820.000), Max=(X=0.000 Y=0.000 Z=820.000) RuntimeGrid:None EditorOnly:0 RuntimeOnly:0 HLODRelevant:0 FolderPath:Lighting FolderGuid:963EC3EB4002CCE9759E2EBA541A873A
 |   |   |- [+] [  7]
 |   |   |   |- Guid:7E0C058047C91B316BABCE8BF530D0D9 BaseClass: NativeClass:/Script/Engine.StaticMeshActor Name:StaticMeshActor_UAID_7C10C91D7FE3CBCF01_1671749484 Label:Pillar_50x501 SpatiallyLoaded:1 Bounds:IsValid=true, Min=(X=4926.616 Y=776.226 Z=-49.940), Max=(X=5926.616 Y=826.226 Z=450.060) RuntimeGrid:None EditorOnly:0 RuntimeOnly:0 HLODRelevant:1
 |   |   |- [+] [  8]
 |   |   |   |- Guid:CCFF262C46EEFFDF319E7F9539CE697E BaseClass: NativeClass:/Script/Engine.SkyAtmosphere Name:SkyAtmosphere_0 Label:SkyAtmosphere SpatiallyLoaded:0 Bounds:IsValid=true, Min=(X=0.000 Y=0.000 Z=1020.000), Max=(X=0.000 Y=0.000 Z=1020.000) RuntimeGrid:None EditorOnly:0 RuntimeOnly:0 HLODRelevant:0 FolderPath:Lighting FolderGuid:963EC3EB4002CCE9759E2EBA541A873A
 |   |   |- [+] [  9]
 |   |   |   |- Guid:EC4E0C944CE6AC6E784BC6BB2916EA13 BaseClass: NativeClass:/Script/Engine.StaticMeshActor Name:StaticMeshActor_UAID_A4AE111137DC5EFB00_1110535423 Label:SM_SkySphere SpatiallyLoaded:0 Bounds:IsValid=true, Min=(X=-1638400.000 Y=-1638400.000 Z=-1638400.000), Max=(X=1638400.000 Y=1638400.000 Z=1638400.000) RuntimeGrid:None EditorOnly:0 RuntimeOnly:0 HLODRelevant:1 FolderPath:Lighting FolderGuid:963EC3EB4002CCE9759E2EBA541A873A
 |   |   |- [+] [ 10]
 |   |   |   |- Guid:E90D03464ED918B2E3B458A13CCECA55 BaseClass:/Game/ThirdPerson/Blueprints/BP_Item.BP_Item_C NativeClass:/Script/Engine.Actor Name:BP_Item_C_UAID_7C10C91D7FE311D001_1449774799 Label:BP_Item SpatiallyLoaded:1 Bounds:IsValid=true, Min=(X=1331.690 Y=1.902 Z=-646.079), Max=(X=2331.690 Y=1001.902 Z=768.921) RuntimeGrid:None EditorOnly:0 RuntimeOnly:0 HLODRelevant:0
 |   |   |- [+] [ 11]
 |   |   |   |- Guid:B785ED2844B84CFB91E7F39FE661CD99 BaseClass: NativeClass:/Script/Engine.DirectionalLight Name:DirectionalLight_0 Label:DirectionalLight SpatiallyLoaded:0 Bounds:IsValid=true, Min=(X=-4398046511104.000 Y=-4398046511104.000 Z=-4398046511104.000), Max=(X=4398046511104.000 Y=4398046511104.000 Z=4398046511104.000) RuntimeGrid:None EditorOnly:0 RuntimeOnly:0 HLODRelevant:0 FolderPath:Lighting FolderGuid:963EC3EB4002CCE9759E2EBA541A873A
 |   |   |- [+] [ 12]
 |   |   |   |- Guid:C53F4A5C4AE5D5B20C4E349D08C65E6D BaseClass:/Game/ThirdPerson/Blueprints/BP_Item.BP_Item_C NativeClass:/Script/Engine.Actor Name:BP_Item_C_UAID_7C10C91D7FE315D001_1670297504 Label:BP_Item2 SpatiallyLoaded:1 Bounds:IsValid=true, Min=(X=2031.690 Y=11.902 Z=-646.079), Max=(X=3031.690 Y=1011.902 Z=768.921) RuntimeGrid:None EditorOnly:0 RuntimeOnly:0 HLODRelevant:0
 |   |   |- [+] [ 13]
 |   |   |   |- Guid:316CF2A6494ACA4C0E4180A87D36AB8F BaseClass: NativeClass:/Script/Engine.ExponentialHeightFog Name:ExponentialHeightFog_0 Label:ExponentialHeightFog SpatiallyLoaded:0 Bounds:IsValid=true, Min=(X=-5600.000 Y=-50.000 Z=-6850.000), Max=(X=-5600.000 Y=-50.000 Z=-6850.000) RuntimeGrid:None EditorOnly:0 RuntimeOnly:0 HLODRelevant:0 FolderPath:Lighting FolderGuid:963EC3EB4002CCE9759E2EBA541A873A
 |   |   |- [+] [ 14]
 |   |   |   |- Guid:F1924B8D48954B30891B2DB6A694F9CC BaseClass: NativeClass:/Script/Engine.StaticMeshActor Name:StaticMeshActor_1 Label:SM_Cube SpatiallyLoaded:1 Bounds:IsValid=true, Min=(X=0.000 Y=0.000 Z=-50.000), Max=(X=3000.000 Y=800.000 Z=0.000) RuntimeGrid:None EditorOnly:0 RuntimeOnly:0 HLODRelevant:1 FolderPath:Playground FolderGuid:C73F09FC4215536B1DCE2A9E0A830C70
 |   |   |- [+] [ 15]
 |   |   |   |- Guid:5E9402254ECF3A0C9CC99EA512E87B8B BaseClass: NativeClass:/Script/Engine.DirectionalLight Name:DirectionalLight_UAID_7C10C91D7FE322D001_1239103793 Label:DirectionalLight2 SpatiallyLoaded:0 Bounds:IsValid=true, Min=(X=-4398046511104.000 Y=-4398046511104.000 Z=-4398046511104.000), Max=(X=4398046511104.000 Y=4398046511104.000 Z=4398046511104.000) RuntimeGrid:None EditorOnly:0 RuntimeOnly:0 HLODRelevant:0
 |   |   |- [+] [ 16]
 |   |   |   |- Guid:2FB58999456391D349DC0F86DAC136ED BaseClass: NativeClass:/Script/Engine.SkyLight Name:SkyLight_1 Label:SkyLight SpatiallyLoaded:0 Bounds:IsValid=true, Min=(X=0.000 Y=960.000 Z=690.000), Max=(X=0.000 Y=960.000 Z=690.000) RuntimeGrid:None EditorOnly:0 RuntimeOnly:0 HLODRelevant:0 FolderPath:Lighting FolderGuid:963EC3EB4002CCE9759E2EBA541A873A
 |   |   |- [+] [ 17]
 |   |   |   |- Guid:9C8F0DB5442A367455600BA30F2983E5 BaseClass:/Game/ThirdPerson/Blueprints/tree1.tree1_C NativeClass:/Script/Engine.Actor Name:tree1_C_UAID_7C10C91D7FE31DD001_1247358914 Label:tree1 SpatiallyLoaded:1 Bounds:IsValid=true, Min=(X=114.892 Y=646.802 Z=-10.332), Max=(X=916.892 Y=769.302 Z=999.668) RuntimeGrid:None EditorOnly:0 RuntimeOnly:0 HLODRelevant:0
 |   |   |- [+] [ 18]
 |   |   |   |- Guid:9E12DF6747A3B410962DC6B11BB7942A BaseClass: NativeClass:/Script/Engine.StaticMeshActor Name:StaticMeshActor_UAID_7C10C91D7FE3CBCF01_1963199485 Label:Pillar_50x502 SpatiallyLoaded:1 Bounds:IsValid=true, Min=(X=310.000 Y=137.500 Z=0.000), Max=(X=510.000 Y=282.500 Z=205.000) RuntimeGrid:None EditorOnly:0 RuntimeOnly:0 HLODRelevant:1
 |   |   |- [+] [ 19]
 |   |   |   |- Guid:9D3A82C448E913EB16E47580EA5031B9 BaseClass: NativeClass:/Script/Engine.StaticMeshActor Name:StaticMeshActor_UAID_7C10C91D7FE3CBCF01_1095966481 Label:SM_Cube4 SpatiallyLoaded:1 Bounds:IsValid=true, Min=(X=5970.000 Y=20.000 Z=-50.000), Max=(X=8970.000 Y=820.000 Z=0.000) RuntimeGrid:None EditorOnly:0 RuntimeOnly:0 HLODRelevant:1 FolderPath:Playground FolderGuid:C73F09FC4215536B1DCE2A9E0A830C70
 |   |   |- [+] [ 20]
 |   |   |   |- Guid:2F2A531F425E98EA09DB1DB023F5734D BaseClass:/Game/ThirdPerson/Blueprints/tree1.tree1_C NativeClass:/Script/Engine.Actor Name:tree1_C_UAID_7C10C91D7FE31DD001_1248764915 Label:tree2 SpatiallyLoaded:1 Bounds:IsValid=true, Min=(X=56.842 Y=165.034 Z=-19.490), Max=(X=858.842 Y=287.534 Z=990.510) RuntimeGrid:None EditorOnly:0 RuntimeOnly:0 HLODRelevant:0
 |   |   |- [+] [ 21]
 |   |   |   |- Guid:1C9182ED429185C393FA22BE5D8BC096 BaseClass:/Game/ThirdPerson/Blueprints/BP_Item.BP_Item_C NativeClass:/Script/Engine.Actor Name:BP_Item_C_UAID_7C10C91D7FE315D001_1684102505 Label:BP_Item3 SpatiallyLoaded:1 Bounds:IsValid=true, Min=(X=571.690 Y=21.902 Z=-646.079), Max=(X=1571.690 Y=1021.902 Z=768.921) RuntimeGrid:None EditorOnly:0 RuntimeOnly:0 HLODRelevant:0
 |   |   |- [+] [ 22]
 |   |   |   |- Guid:693DB1AF402C89010B1D53A0A304BE44 BaseClass: NativeClass:/Script/Engine.StaticMeshActor Name:StaticMeshActor_UAID_7C10C91D7FE3CBCF01_2022019487 Label:SM_bush3 SpatiallyLoaded:1 Bounds:IsValid=true, Min=(X=700.000 Y=147.500 Z=0.000), Max=(X=900.000 Y=292.500 Z=205.000) RuntimeGrid:None EditorOnly:0 RuntimeOnly:0 HLODRelevant:1
 |   |   |- [+] [ 23]
 |   |   |   |- Guid:23BB481143957E1B686E7E9BFD767028 BaseClass: NativeClass:/Script/Engine.StaticMeshActor Name:StaticMeshActor_UAID_7C10C91D7FE3CACF01_2078599303 Label:SM_bush SpatiallyLoaded:1 Bounds:IsValid=true, Min=(X=110.000 Y=127.500 Z=0.000), Max=(X=310.000 Y=272.500 Z=205.000) RuntimeGrid:None EditorOnly:0 RuntimeOnly:0 HLODRelevant:1
 |   |   |- [+] [ 24]
 |   |   |   |- Guid:BC08B79C4EA3C961CFF75EBBE83B367D BaseClass: NativeClass:/Script/Engine.StaticMeshActor Name:StaticMeshActor_5 Label:SM_Cube2 SpatiallyLoaded:1 Bounds:IsValid=true, Min=(X=0.000 Y=0.000 Z=0.000), Max=(X=3000.000 Y=100.000 Z=400.000) RuntimeGrid:None EditorOnly:0 RuntimeOnly:0 HLODRelevant:1 FolderPath:Playground FolderGuid:C73F09FC4215536B1DCE2A9E0A830C70
 |   |   |- [+] [ 25]
 |   |   |   |- Guid:3A00AA1C422CE54C0BDB60BAF471BFBB BaseClass: NativeClass:/Script/Engine.PlayerStart Name:PlayerStart_0 Label:PlayerStart SpatiallyLoaded:0 Bounds:IsValid=true, Min=(X=134.569 Y=360.040 Z=-80.900), Max=(X=214.569 Y=440.040 Z=103.100) RuntimeGrid:None EditorOnly:0 RuntimeOnly:0 HLODRelevant:0
 |   |   |- [+] [ 26]
 |   |   |   |- Guid:1E28BBAC46F8530C71B25CB3C5EFDC9A BaseClass: NativeClass:/Script/Engine.StaticMeshActor Name:StaticMeshActor_UAID_7C10C91D7FE3CBCF01_1140147482 Label:SM_Couch SpatiallyLoaded:1 Bounds:IsValid=true, Min=(X=8404.034 Y=198.922 Z=0.096), Max=(X=8675.966 Y=281.078 Z=115.447) RuntimeGrid:None EditorOnly:0 RuntimeOnly:0 HLODRelevant:1
 |   |   |- [+] [ 27]
 |   |   |   |- Guid:1C99E7C24A8C7D6E3A37B098DE195F89 BaseClass: NativeClass:/Script/Engine.StaticMeshActor Name:StaticMeshActor_UAID_7C10C91D7FE3CBCF01_1201030483 Label:Wall_Door_400x400 SpatiallyLoaded:1 Bounds:IsValid=true, Min=(X=7866.224 Y=25.337 Z=0.000), Max=(X=8051.074 Y=820.337 Z=807.000) RuntimeGrid:None EditorOnly:0 RuntimeOnly:0 HLODRelevant:1
 |- ContainerInstances:
 |- [+] MainContainer:
 |   |-        ID: 0x0000000000000000
 |   |-    Bounds: IsValid=false, Min=(X=0.000 Y=0.000 Z=0.000), Max=(X=0.000 Y=0.000 Z=0.000)
 |   |- Transform: 0.000000,0.000000,0.000000|0.000000,0.000000,-0.000000|1.000000,1.000000,1.000000
 |   |- Container: /Game/ThirdPerson/Maps/ThirdPersonMap
----------------------------------------------------------------------------------------------------------------
ThirdPersonMap - Persistent Level
----------------------------------------------------------------------------------------------------------------
Always loaded Actor Count: 35 

----------------------------------------------------------------------------------------------------------------
ThirdPersonMap - Runtime Spatial Hash - Streaming Grid - MainGrid
----------------------------------------------------------------------------------------------------------------
            Origin: X=0.000 Y=0.000 Z=0.000
         Cell Size: 12800
      World Bounds: IsValid=false, Min=(X=0.000 Y=0.000 Z=0.000), Max=(X=0.000 Y=0.000 Z=0.000)
     Loading Range: 25600.00
Block Slow Loading: No
 ClientOnlyVisible: No

[+] Grid Levels: 1
 |- Level  0: Cell Count    0 | Cell Size   12800 | Actor Count    0 (0.0%)

[+] Content of Grid Level 0

